<?xml version="1.0" encoding="UTF-8"?>
<testsuite xmlns:xsi="http://www.w3.org/2001/XMLSchema-instance" xsi:noNamespaceSchemaLocation="https://maven.apache.org/surefire/maven-surefire-plugin/xsd/surefire-test-report.xsd" name="org.example.CalcTest" time="0.04" tests="2" errors="0" skipped="0" failures="0">
  <properties>
    <property name="java.specification.version" value="20"/>
    <property name="sun.cpu.isalist" value="amd64"/>
    <property name="sun.jnu.encoding" value="GBK"/>
    <property name="java.class.path" value="E:\Playground\S05\159251\tut4project\t4-3\tutorial4\target\test-classes;E:\Playground\S05\159251\tut4project\t4-3\tutorial4\target\classes;E:\software\apache-maven-3.9.4-bin\apache-maven-3.9.4\repository\org\junit\jupiter\junit-jupiter-engine\5.9.2\junit-jupiter-engine-5.9.2.jar;E:\software\apache-maven-3.9.4-bin\apache-maven-3.9.4\repository\org\junit\platform\junit-platform-engine\1.9.2\junit-platform-engine-1.9.2.jar;E:\software\apache-maven-3.9.4-bin\apache-maven-3.9.4\repository\org\opentest4j\opentest4j\1.2.0\opentest4j-1.2.0.jar;E:\software\apache-maven-3.9.4-bin\apache-maven-3.9.4\repository\org\junit\platform\junit-platform-commons\1.9.2\junit-platform-commons-1.9.2.jar;E:\software\apache-maven-3.9.4-bin\apache-maven-3.9.4\repository\org\junit\jupiter\junit-jupiter-api\5.9.2\junit-jupiter-api-5.9.2.jar;E:\software\apache-maven-3.9.4-bin\apache-maven-3.9.4\repository\org\apiguardian\apiguardian-api\1.1.2\apiguardian-api-1.1.2.jar;E:\software\apache-maven-3.9.4-bin\apache-maven-3.9.4\repository\org\junit\jupiter\junit-jupiter\5.9.2\junit-jupiter-5.9.2.jar;E:\software\apache-maven-3.9.4-bin\apache-maven-3.9.4\repository\org\junit\jupiter\junit-jupiter-params\5.9.2\junit-jupiter-params-5.9.2.jar;"/>
    <property name="java.vm.vendor" value="Oracle Corporation"/>
    <property name="sun.arch.data.model" value="64"/>
    <property name="user.variant" value=""/>
    <property name="java.vendor.url" value="https://java.oracle.com/"/>
    <property name="user.timezone" value="Asia/Shanghai"/>
    <property name="os.name" value="Windows 11"/>
    <property name="java.vm.specification.version" value="20"/>
    <property name="sun.java.launcher" value="SUN_STANDARD"/>
    <property name="user.country" value="CN"/>
    <property name="sun.boot.library.path" value="E:\software\JDK\bin"/>
    <property name="sun.java.command" value="C:\Users\admin\AppData\Local\Temp\surefire2670855154325792560\surefirebooter16756085349878623984.jar C:\Users\admin\AppData\Local\Temp\surefire2670855154325792560 2023-10-04T18-42-33_636-jvmRun1 surefire3855528242030563367tmp surefire_06575906940749864188tmp"/>
    <property name="jdk.debug" value="release"/>
    <property name="surefire.test.class.path" value="E:\Playground\S05\159251\tut4project\t4-3\tutorial4\target\test-classes;E:\Playground\S05\159251\tut4project\t4-3\tutorial4\target\classes;E:\software\apache-maven-3.9.4-bin\apache-maven-3.9.4\repository\org\junit\jupiter\junit-jupiter-engine\5.9.2\junit-jupiter-engine-5.9.2.jar;E:\software\apache-maven-3.9.4-bin\apache-maven-3.9.4\repository\org\junit\platform\junit-platform-engine\1.9.2\junit-platform-engine-1.9.2.jar;E:\software\apache-maven-3.9.4-bin\apache-maven-3.9.4\repository\org\opentest4j\opentest4j\1.2.0\opentest4j-1.2.0.jar;E:\software\apache-maven-3.9.4-bin\apache-maven-3.9.4\repository\org\junit\platform\junit-platform-commons\1.9.2\junit-platform-commons-1.9.2.jar;E:\software\apache-maven-3.9.4-bin\apache-maven-3.9.4\repository\org\junit\jupiter\junit-jupiter-api\5.9.2\junit-jupiter-api-5.9.2.jar;E:\software\apache-maven-3.9.4-bin\apache-maven-3.9.4\repository\org\apiguardian\apiguardian-api\1.1.2\apiguardian-api-1.1.2.jar;E:\software\apache-maven-3.9.4-bin\apache-maven-3.9.4\repository\org\junit\jupiter\junit-jupiter\5.9.2\junit-jupiter-5.9.2.jar;E:\software\apache-maven-3.9.4-bin\apache-maven-3.9.4\repository\org\junit\jupiter\junit-jupiter-params\5.9.2\junit-jupiter-params-5.9.2.jar;"/>
    <property name="sun.cpu.endian" value="little"/>
    <property name="user.home" value="C:\Users\admin"/>
    <property name="user.language" value="zh"/>
    <property name="java.specification.vendor" value="Oracle Corporation"/>
    <property name="java.version.date" value="2023-07-18"/>
    <property name="java.home" value="E:\software\JDK"/>
    <property name="file.separator" value="\"/>
    <property name="basedir" value="E:\Playground\S05\159251\tut4project\t4-3\tutorial4"/>
    <property name="java.vm.compressedOopsMode" value="Zero based"/>
    <property name="line.separator" value="&#10;"/>
    <property name="java.vm.specification.vendor" value="Oracle Corporation"/>
    <property name="java.specification.name" value="Java Platform API Specification"/>
    <property name="surefire.real.class.path" value="C:\Users\admin\AppData\Local\Temp\surefire2670855154325792560\surefirebooter16756085349878623984.jar"/>
    <property name="user.script" value=""/>
    <property name="sun.management.compiler" value="HotSpot 64-Bit Tiered Compilers"/>
    <property name="java.runtime.version" value="20.0.2+9-78"/>
    <property name="user.name" value="admin"/>
    <property name="stdout.encoding" value="GBK"/>
    <property name="path.separator" value=";"/>
    <property name="os.version" value="10.0"/>
    <property name="java.runtime.name" value="Java(TM) SE Runtime Environment"/>
    <property name="file.encoding" value="UTF-8"/>
    <property name="java.vm.name" value="Java HotSpot(TM) 64-Bit Server VM"/>
    <property name="localRepository" value="E:\software\apache-maven-3.9.4-bin\apache-maven-3.9.4\repository"/>
    <property name="java.vendor.url.bug" value="https://bugreport.java.com/bugreport/"/>
    <property name="java.io.tmpdir" value="C:\Users\admin\AppData\Local\Temp\"/>
    <property name="java.version" value="20.0.2"/>
    <property name="user.dir" value="E:\Playground\S05\159251\tut4project\t4-3\tutorial4"/>
    <property name="os.arch" value="amd64"/>
    <property name="java.vm.specification.name" value="Java Virtual Machine Specification"/>
    <property name="sun.os.patch.level" value=""/>
    <property name="native.encoding" value="GBK"/>
    <property name="java.library.path" value="E:\software\JDK\bin;C:\WINDOWS\Sun\Java\bin;C:\WINDOWS\system32;C:\WINDOWS;C:\Program Files\Common Files\Oracle\Java\javapath;C:\Windows\system32;C:\Windows;C:\Windows\System32\Wbem;C:\Windows\System32\WindowsPowerShell\v1.0\;C:\Windows\System32\OpenSSH\;C:\Program Files (x86)\NVIDIA Corporation\PhysX\Common;C:\Program Files\NVIDIA Corporation\NVIDIA NvDLISR;E:\software\MinGW64\bin\cmake;E:\software\Git\cmd;C:\WINDOWS\system32;C:\WINDOWS;C:\WINDOWS\System32\Wbem;C:\WINDOWS\System32\WindowsPowerShell\v1.0\;C:\WINDOWS\System32\OpenSSH\;D:\Microsoft VS Code\bin;D:\Sublime Text;D:\Git\cmd;E:\software\apache-maven-3.9.4-bin\apache-maven-3.9.4\bin;&quot;E:\software\JDK\bin;E:\software\JDK\jre\bin&quot;;E:\software\apache-maven-3.9.4-bin\apache-maven-3.9.4\bin;E:\software\;E:\software\node_global\;E:\software\JDK\jre\binï¼›%IntelliJ IDEA Community Edition%;C:\Users\admin\AppData\Local\Microsoft\WindowsApps;E:\software\apache-maven-3.9.4-bin\apache-maven-3.9.4;C:\Users\admin\AppData\Roaming\npm;."/>
    <property name="java.vm.info" value="mixed mode, sharing"/>
    <property name="stderr.encoding" value="GBK"/>
    <property name="java.vendor" value="Oracle Corporation"/>
    <property name="java.vm.version" value="20.0.2+9-78"/>
    <property name="sun.io.unicode.encoding" value="UnicodeLittle"/>
    <property name="java.class.version" value="64.0"/>
  </properties>
  <testcase name="testAddition" classname="org.example.CalcTest" time="0.026"/>
  <testcase name="testSubtraction" classname="org.example.CalcTest" time="0.001"/>
</testsuite>